{
    "Last Step": "Step 10007 Returned RADIUS Accounting-Response - Returned RADIUS Accounting-Response - acknowledging receipt of Accounting-Request",
    "Time": "8 03 20:11:51",
    "Exact Time": "2018-08-03 15:11:51.530",
    "ConfigVersionId": "74",
    "Device IP Address": "10.118.113.194",
    "RequestLatency": "8",
    "NetworkDeviceName": "homeswitch",
    "User-Name": "isetest",
    "NAS-IP-Address": "10.118.113.194",
    "Service-Type": "Framed",
    "Acct-Status-Type": "Interim-Update",
    "Acct-Delay-Time": "0",
    "Acct-Session-Id": "00000000",
    "Acct-Authentic": "RADIUS",
    "AcsSessionID": "dahouck-ise/321208428/4380",
    "SelectedAccessService": "Default Network Access",
    "Step_11004": "Received RADIUS Accounting-Request - Received RADIUS Accounting-Request",
    "Step_11017": "RADIUS created a new session - RADIUS created a new session for the request",
    "Step_11117": "UNKNOWN",
    "Step_15049": "Evaluating Policy Group - Evaluating Policy Group",
    "Step_15008": "Evaluating Service Selection Policy - Evaluating Service Selection Policy",
    "Step_15048": "Queried PIP - The Policy Engine queried a PIP for attributes that were referenced by the policy",
    "Step_22094": "UNKNOWN",
    "Step_10007": "Returned RADIUS Accounting-Response - Returned RADIUS Accounting-Response - acknowledging receipt of Accounting-Request",
    "NetworkDeviceGroups": "IPSEC#Is IPSEC Device#No",
    "NetworkDeviceGroups_2": "Location#All Locations",
    "NetworkDeviceGroups_3": "Device Type#All Device Types",
    "CPMSessionID": "0a7a6d90J8ZQ4Q0Wj8O6yGEBwbw87i0wurpQFN25LsVzqaxV_So",
    "Model Name": "3560-CG",
    "Network Device Profile": "Cisco",
    "Location": "Location#All Locations",
    "Device Type": "Device Type#All Device Types",
    "IPSEC": "IPSEC#Is IPSEC Device#No"
},
{
    "Last Step": "Step 11005 Returned RADIUS Accounting-Response - Returned RADIUS Accounting-Response - acknowledging receipt of Accounting-Request",
    "Time": "8 03 20:11:56",
    "Exact Time": "2018-08-03 15:11:56.534",
    "ConfigVersionId": "74",
    "Device IP Address": "10.118.113.194",
    "RequestLatency": "8",
    "NetworkDeviceName": "homeswitch",
    "User-Name": "isetest",
    "NAS-IP-Address": "10.118.113.194",
    "Service-Type": "Framed",
    "Acct-Status-Type": "Interim-Update",
    "Acct-Delay-Time": "0",
    "Acct-Session-Id": "00000000",
    "Acct-Authentic": "RADIUS",
    "AcsSessionID": "dahouck-ise/321208428/4380",
    "SelectedAccessService": "Default Network Access",
    "Step_11004": "Received RADIUS Accounting-Request - Received RADIUS Accounting-Request",
    "Step_11017": "RADIUS created a new session - RADIUS created a new session for the request",
    "Step_11117": "UNKNOWN",
    "Step_15049": "Evaluating Policy Group - Evaluating Policy Group",
    "Step_15008": "Evaluating Service Selection Policy - Evaluating Service Selection Policy",
    "Step_15048": "Queried PIP - The Policy Engine queried a PIP for attributes that were referenced by the policy",
    "Step_22094": "UNKNOWN",
    "Step_11005": "Returned RADIUS Accounting-Response - Returned RADIUS Accounting-Response - acknowledging receipt of Accounting-Request",
    "NetworkDeviceGroups": "IPSEC#Is IPSEC Device#No",
    "NetworkDeviceGroups_2": "Location#All Locations",
    "NetworkDeviceGroups_3": "Device Type#All Device Types",
    "CPMSessionID": "0a7a6d90J8ZQ4Q0Wj8O6yGEBwbw87i0wurpQFN25LsVzqaxV_So",
    "Model Name": "3560-CG",
    "Network Device Profile": "Cisco",
    "Location": "Location#All Locations",
    "Device Type": "Device Type#All Device Types",
    "IPSEC": "IPSEC#Is IPSEC Device#No"
},
{
    "Last Step": "Step 11005 Returned RADIUS Accounting-Response - Returned RADIUS Accounting-Response - acknowledging receipt of Accounting-Request",
    "Time": "8 03 20:12:01",
    "Exact Time": "2018-08-03 15:12:01.538",
    "ConfigVersionId": "74",
    "Device IP Address": "10.118.113.194",
    "RequestLatency": "8",
    "NetworkDeviceName": "homeswitch",
    "User-Name": "isetest",
    "NAS-IP-Address": "10.118.113.194",
    "Service-Type": "Framed",
    "Acct-Status-Type": "Interim-Update",
    "Acct-Delay-Time": "0",
    "Acct-Session-Id": "00000000",
    "Acct-Authentic": "RADIUS",
    "AcsSessionID": "dahouck-ise/321208428/4380",
    "SelectedAccessService": "Default Network Access",
    "Step_11004": "Received RADIUS Accounting-Request - Received RADIUS Accounting-Request",
    "Step_11017": "RADIUS created a new session - RADIUS created a new session for the request",
    "Step_11117": "UNKNOWN",
    "Step_15049": "Evaluating Policy Group - Evaluating Policy Group",
    "Step_15008": "Evaluating Service Selection Policy - Evaluating Service Selection Policy",
    "Step_15048": "Queried PIP - The Policy Engine queried a PIP for attributes that were referenced by the policy",
    "Step_22094": "UNKNOWN",
    "Step_11005": "Returned RADIUS Accounting-Response - Returned RADIUS Accounting-Response - acknowledging receipt of Accounting-Request",
    "NetworkDeviceGroups": "IPSEC#Is IPSEC Device#No",
    "NetworkDeviceGroups_2": "Location#All Locations",
    "NetworkDeviceGroups_3": "Device Type#All Device Types",
    "CPMSessionID": "0a7a6d90J8ZQ4Q0Wj8O6yGEBwbw87i0wurpQFN25LsVzqaxV_So",
    "Model Name": "3560-CG",
    "Network Device Profile": "Cisco",
    "Location": "Location#All Locations",
    "Device Type": "Device Type#All Device Types",
    "IPSEC": "IPSEC#Is IPSEC Device#No"
},
{
    "Last Step": "Step 11005 Returned RADIUS Accounting-Response - Returned RADIUS Accounting-Response - acknowledging receipt of Accounting-Request",
    "Time": "8 03 20:12:06",
    "Exact Time": "2018-08-03 15:12:06.543",
    "ConfigVersionId": "74",
    "Device IP Address": "10.118.113.194",
    "RequestLatency": "8",
    "NetworkDeviceName": "homeswitch",
    "User-Name": "isetest",
    "NAS-IP-Address": "10.118.113.194",
    "Service-Type": "Framed",
    "Acct-Status-Type": "Interim-Update",
    "Acct-Delay-Time": "0",
    "Acct-Session-Id": "00000000",
    "Acct-Authentic": "RADIUS",
    "AcsSessionID": "dahouck-ise/321208428/4380",
    "SelectedAccessService": "Default Network Access",
    "Step_11004": "Received RADIUS Accounting-Request - Received RADIUS Accounting-Request",
    "Step_11017": "RADIUS created a new session - RADIUS created a new session for the request",
    "Step_11117": "UNKNOWN",
    "Step_15049": "Evaluating Policy Group - Evaluating Policy Group",
    "Step_15008": "Evaluating Service Selection Policy - Evaluating Service Selection Policy",
    "Step_15048": "Queried PIP - The Policy Engine queried a PIP for attributes that were referenced by the policy",
    "Step_22094": "UNKNOWN",
    "Step_11005": "Returned RADIUS Accounting-Response - Returned RADIUS Accounting-Response - acknowledging receipt of Accounting-Request",
    "NetworkDeviceGroups": "IPSEC#Is IPSEC Device#No",
    "NetworkDeviceGroups_2": "Location#All Locations",
    "NetworkDeviceGroups_3": "Device Type#All Device Types",
    "CPMSessionID": "0a7a6d90J8ZQ4Q0Wj8O6yGEBwbw87i0wurpQFN25LsVzqaxV_So",
    "Model Name": "3560-CG",
    "Network Device Profile": "Cisco",
    "Location": "Location#All Locations",
    "Device Type": "Device Type#All Device Types",
    "IPSEC": "IPSEC#Is IPSEC Device#No"
},
{
    "Last Step": "Step 11005 Returned RADIUS Accounting-Response - Returned RADIUS Accounting-Response - acknowledging receipt of Accounting-Request",
    "Time": "8 03 20:12:11",
    "Exact Time": "2018-08-03 15:12:11.547",
    "ConfigVersionId": "74",
    "Device IP Address": "10.118.113.194",
    "RequestLatency": "8",
    "NetworkDeviceName": "homeswitch",
    "User-Name": "isetest",
    "NAS-IP-Address": "10.118.113.194",
    "Service-Type": "Framed",
    "Acct-Status-Type": "Interim-Update",
    "Acct-Delay-Time": "0",
    "Acct-Session-Id": "00000000",
    "Acct-Authentic": "RADIUS",
    "AcsSessionID": "dahouck-ise/321208428/4380",
    "SelectedAccessService": "Default Network Access",
    "Step_11004": "Received RADIUS Accounting-Request - Received RADIUS Accounting-Request",
    "Step_11017": "RADIUS created a new session - RADIUS created a new session for the request",
    "Step_11117": "UNKNOWN",
    "Step_15049": "Evaluating Policy Group - Evaluating Policy Group",
    "Step_15008": "Evaluating Service Selection Policy - Evaluating Service Selection Policy",
    "Step_15048": "Queried PIP - The Policy Engine queried a PIP for attributes that were referenced by the policy",
    "Step_22094": "UNKNOWN",
    "Step_11005": "Returned RADIUS Accounting-Response - Returned RADIUS Accounting-Response - acknowledging receipt of Accounting-Request",
    "NetworkDeviceGroups": "IPSEC#Is IPSEC Device#No",
    "NetworkDeviceGroups_2": "Location#All Locations",
    "NetworkDeviceGroups_3": "Device Type#All Device Types",
    "CPMSessionID": "0a7a6d90J8ZQ4Q0Wj8O6yGEBwbw87i0wurpQFN25LsVzqaxV_So",
    "Model Name": "3560-CG",
    "Network Device Profile": "Cisco",
    "Location": "Location#All Locations",
    "Device Type": "Device Type#All Device Types",
    "IPSEC": "IPSEC#Is IPSEC Device#No"
},
{
    "Last Step": "Step 11005 Returned RADIUS Accounting-Response - Returned RADIUS Accounting-Response - acknowledging receipt of Accounting-Request",
    "Time": "8 03 20:12:16",
    "Exact Time": "2018-08-03 15:12:16.551",
    "ConfigVersionId": "74",
    "Device IP Address": "10.118.113.194",
    "RequestLatency": "8",
    "NetworkDeviceName": "homeswitch",
    "User-Name": "isetest",
    "NAS-IP-Address": "10.118.113.194",
    "Service-Type": "Framed",
    "Acct-Status-Type": "Interim-Update",
    "Acct-Delay-Time": "0",
    "Acct-Session-Id": "00000000",
    "Acct-Authentic": "RADIUS",
    "AcsSessionID": "dahouck-ise/321208428/4380",
    "SelectedAccessService": "Default Network Access",
    "Step_11004": "Received RADIUS Accounting-Request - Received RADIUS Accounting-Request",
    "Step_11017": "RADIUS created a new session - RADIUS created a new session for the request",
    "Step_11117": "UNKNOWN",
    "Step_15049": "Evaluating Policy Group - Evaluating Policy Group",
    "Step_15008": "Evaluating Service Selection Policy - Evaluating Service Selection Policy",
    "Step_15048": "Queried PIP - The Policy Engine queried a PIP for attributes that were referenced by the policy",
    "Step_22094": "UNKNOWN",
    "Step_11005": "Returned RADIUS Accounting-Response - Returned RADIUS Accounting-Response - acknowledging receipt of Accounting-Request",
    "NetworkDeviceGroups": "IPSEC#Is IPSEC Device#No",
    "NetworkDeviceGroups_2": "Location#All Locations",
    "NetworkDeviceGroups_3": "Device Type#All Device Types",
    "CPMSessionID": "0a7a6d90J8ZQ4Q0Wj8O6yGEBwbw87i0wurpQFN25LsVzqaxV_So",
    "Model Name": "3560-CG",
    "Network Device Profile": "Cisco",
    "Location": "Location#All Locations",
    "Device Type": "Device Type#All Device Types",
    "IPSEC": "IPSEC#Is IPSEC Device#No"
},
{
    "Last Step": "Step 11005 Returned RADIUS Accounting-Response - Returned RADIUS Accounting-Response - acknowledging receipt of Accounting-Request",
    "Time": "8 03 20:12:21",
    "Exact Time": "2018-08-03 15:12:21.555",
    "ConfigVersionId": "74",
    "Device IP Address": "10.118.113.194",
    "RequestLatency": "8",
    "NetworkDeviceName": "homeswitch",
    "User-Name": "isetest",
    "NAS-IP-Address": "10.118.113.194",
    "Service-Type": "Framed",
    "Acct-Status-Type": "Interim-Update",
    "Acct-Delay-Time": "0",
    "Acct-Session-Id": "00000000",
    "Acct-Authentic": "RADIUS",
    "AcsSessionID": "dahouck-ise/321208428/4380",
    "SelectedAccessService": "Default Network Access",
    "Step_11004": "Received RADIUS Accounting-Request - Received RADIUS Accounting-Request",
    "Step_11017": "RADIUS created a new session - RADIUS created a new session for the request",
    "Step_11117": "UNKNOWN",
    "Step_15049": "Evaluating Policy Group - Evaluating Policy Group",
    "Step_15008": "Evaluating Service Selection Policy - Evaluating Service Selection Policy",
    "Step_15048": "Queried PIP - The Policy Engine queried a PIP for attributes that were referenced by the policy",
    "Step_22094": "UNKNOWN",
    "Step_11005": "Returned RADIUS Accounting-Response - Returned RADIUS Accounting-Response - acknowledging receipt of Accounting-Request",
    "NetworkDeviceGroups": "IPSEC#Is IPSEC Device#No",
    "NetworkDeviceGroups_2": "Location#All Locations",
    "NetworkDeviceGroups_3": "Device Type#All Device Types",
    "CPMSessionID": "0a7a6d90J8ZQ4Q0Wj8O6yGEBwbw87i0wurpQFN25LsVzqaxV_So",
    "Model Name": "3560-CG",
    "Network Device Profile": "Cisco",
    "Location": "Location#All Locations",
    "Device Type": "Device Type#All Device Types",
    "IPSEC": "IPSEC#Is IPSEC Device#No"
},
{
    "Last Step": "Step 11005 Returned RADIUS Accounting-Response - Returned RADIUS Accounting-Response - acknowledging receipt of Accounting-Request",
    "Time": "8 03 20:12:26",
    "Exact Time": "2018-08-03 15:12:26.559",
    "ConfigVersionId": "74",
    "Device IP Address": "10.118.113.194",
    "RequestLatency": "8",
    "NetworkDeviceName": "homeswitch",
    "User-Name": "isetest",
    "NAS-IP-Address": "10.118.113.194",
    "Service-Type": "Framed",
    "Acct-Status-Type": "Interim-Update",
    "Acct-Delay-Time": "0",
    "Acct-Session-Id": "00000000",
    "Acct-Authentic": "RADIUS",
    "AcsSessionID": "dahouck-ise/321208428/4380",
    "SelectedAccessService": "Default Network Access",
    "Step_11004": "Received RADIUS Accounting-Request - Received RADIUS Accounting-Request",
    "Step_11017": "RADIUS created a new session - RADIUS created a new session for the request",
    "Step_11117": "UNKNOWN",
    "Step_15049": "Evaluating Policy Group - Evaluating Policy Group",
    "Step_15008": "Evaluating Service Selection Policy - Evaluating Service Selection Policy",
    "Step_15048": "Queried PIP - The Policy Engine queried a PIP for attributes that were referenced by the policy",
    "Step_22094": "UNKNOWN",
    "Step_11005": "Returned RADIUS Accounting-Response - Returned RADIUS Accounting-Response - acknowledging receipt of Accounting-Request",
    "NetworkDeviceGroups": "IPSEC#Is IPSEC Device#No",
    "NetworkDeviceGroups_2": "Location#All Locations",
    "NetworkDeviceGroups_3": "Device Type#All Device Types",
    "CPMSessionID": "0a7a6d90J8ZQ4Q0Wj8O6yGEBwbw87i0wurpQFN25LsVzqaxV_So",
    "Model Name": "3560-CG",
    "Network Device Profile": "Cisco",
    "Location": "Location#All Locations",
    "Device Type": "Device Type#All Device Types",
    "IPSEC": "IPSEC#Is IPSEC Device#No"
},
{
    "Last Step": "Step 11005 Returned RADIUS Accounting-Response - Returned RADIUS Accounting-Response - acknowledging receipt of Accounting-Request",
    "Time": "8 03 20:12:31",
    "Exact Time": "2018-08-03 15:12:31.563",
    "ConfigVersionId": "74",
    "Device IP Address": "10.118.113.194",
    "RequestLatency": "8",
    "NetworkDeviceName": "homeswitch",
    "User-Name": "isetest",
    "NAS-IP-Address": "10.118.113.194",
    "Service-Type": "Framed",
    "Acct-Status-Type": "Interim-Update",
    "Acct-Delay-Time": "0",
    "Acct-Session-Id": "00000000",
    "Acct-Authentic": "RADIUS",
    "AcsSessionID": "dahouck-ise/321208428/4380",
    "SelectedAccessService": "Default Network Access",
    "Step_11004": "Received RADIUS Accounting-Request - Received RADIUS Accounting-Request",
    "Step_11017": "RADIUS created a new session - RADIUS created a new session for the request",
    "Step_11117": "UNKNOWN",
    "Step_15049": "Evaluating Policy Group - Evaluating Policy Group",
    "Step_15008": "Evaluating Service Selection Policy - Evaluating Service Selection Policy",
    "Step_15048": "Queried PIP - The Policy Engine queried a PIP for attributes that were referenced by the policy",
    "Step_22094": "UNKNOWN",
    "Step_11005": "Returned RADIUS Accounting-Response - Returned RADIUS Accounting-Response - acknowledging receipt of Accounting-Request",
    "NetworkDeviceGroups": "IPSEC#Is IPSEC Device#No",
    "NetworkDeviceGroups_2": "Location#All Locations",
    "NetworkDeviceGroups_3": "Device Type#All Device Types",
    "CPMSessionID": "0a7a6d90J8ZQ4Q0Wj8O6yGEBwbw87i0wurpQFN25LsVzqaxV_So",
    "Model Name": "3560-CG",
    "Network Device Profile": "Cisco",
    "Location": "Location#All Locations",
    "Device Type": "Device Type#All Device Types",
    "IPSEC": "IPSEC#Is IPSEC Device#No"
},
{
    "Last Step": "Step 11005 Returned RADIUS Accounting-Response - Returned RADIUS Accounting-Response - acknowledging receipt of Accounting-Request",
    "Time": "8 03 20:12:36",
    "Exact Time": "2018-08-03 15:12:36.567",
    "ConfigVersionId": "74",
    "Device IP Address": "10.118.113.194",
    "RequestLatency": "8",
    "NetworkDeviceName": "homeswitch",
    "User-Name": "isetest",
    "NAS-IP-Address": "10.118.113.194",
    "Service-Type": "Framed",
    "Acct-Status-Type": "Interim-Update",
    "Acct-Delay-Time": "0",
    "Acct-Session-Id": "00000000",
    "Acct-Authentic": "RADIUS",
    "AcsSessionID": "dahouck-ise/321208428/4380",
    "SelectedAccessService": "Default Network Access",
    "Step_11004": "Received RADIUS Accounting-Request - Received RADIUS Accounting-Request",
    "Step_11017": "RADIUS created a new session - RADIUS created a new session for the request",
    "Step_11117": "UNKNOWN",
    "Step_15049": "Evaluating Policy Group - Evaluating Policy Group",
    "Step_15008": "Evaluating Service Selection Policy - Evaluating Service Selection Policy",
    "Step_15048": "Queried PIP - The Policy Engine queried a PIP for attributes that were referenced by the policy",
    "Step_22094": "UNKNOWN",
    "Step_11005": "Returned RADIUS Accounting-Response - Returned RADIUS Accounting-Response - acknowledging receipt of Accounting-Request",
    "NetworkDeviceGroups": "IPSEC#Is IPSEC Device#No",
    "NetworkDeviceGroups_2": "Location#All Locations",
    "NetworkDeviceGroups_3": "Device Type#All Device Types",
    "CPMSessionID": "0a7a6d90J8ZQ4Q0Wj8O6yGEBwbw87i0wurpQFN25LsVzqaxV_So",
    "Model Name": "3560-CG",
    "Network Device Profile": "Cisco",
    "Location": "Location#All Locations",
    "Device Type": "Device Type#All Device Types",
    "IPSEC": "IPSEC#Is IPSEC Device#No"
},
